A51 MACRO ASSEMBLER  LAB4                                                                 05/14/2019 17:41:47 PAGE     1


MACRO ASSEMBLER A51 V8.2.7.0
OBJECT MODULE PLACED IN .\Objects\lab4.obj
ASSEMBLER INVOKED BY: D:\Programs\Keil uVision\C51\BIN\A51.EXE lab4.a51 SET(SMALL) DEBUG PRINT(.\Listings\lab4.lst) OBJE
                      CT(.\Objects\lab4.obj) EP

LOC  OBJ            LINE     SOURCE

----                   1     CSEG AT 0
0000 2100              2     JMP init
                       3     
000B                   4     ORG 000Bh
000B 020116            5             LJMP lab1
                       6     
----                   7     CSEG AT 100h
                       8     
0100                   9     init:
0100 75A885           10             MOV IE, #85h
0103 D2A9             11             SETB IE.1
0105 758901           12             MOV TMOD,#01 ; 16-bitowy timer 0
0108 D28C             13             SETB TR0 ; startujemy timer 0
010A 8000             14             SJMP start
                      15     
010C                  16     start:
010C 758CA5           17             MOV TH0,#165
010F 758AFF           18             MOV TL0,#255
0112 8000             19             SJMP idle
                      20     
0114                  21     idle:
0114 80FE             22             SJMP idle
                      23             
0116                  24     lab1:
0116 04               25             INC A
0117 C28D             26             CLR TF0
0119 B42708           27             CJNE A, #39, endit
011C 05F0             28             INC B
011E 85F0A0           29             MOV P2, B
0121 7400             30             MOV A, #0
0123 32               31             RETI
                      32             
0124                  33     endit:
0124 758CA5           34             MOV TH0,#165
0127 758AFF           35             MOV TL0,#255
012A 32               36             RETI
                      37                     
                      38                     
                      39     END 
A51 MACRO ASSEMBLER  LAB4                                                                 05/14/2019 17:41:47 PAGE     2

SYMBOL TABLE LISTING
------ ----- -------


N A M E             T Y P E  V A L U E   ATTRIBUTES

B. . . . . . . . .  D ADDR   00F0H   A   
ENDIT. . . . . . .  C ADDR   0124H   A   
IDLE . . . . . . .  C ADDR   0114H   A   
IE . . . . . . . .  D ADDR   00A8H   A   
INIT . . . . . . .  C ADDR   0100H   A   
LAB1 . . . . . . .  C ADDR   0116H   A   
P2 . . . . . . . .  D ADDR   00A0H   A   
START. . . . . . .  C ADDR   010CH   A   
TF0. . . . . . . .  B ADDR   0088H.5 A   
TH0. . . . . . . .  D ADDR   008CH   A   
TL0. . . . . . . .  D ADDR   008AH   A   
TMOD . . . . . . .  D ADDR   0089H   A   
TR0. . . . . . . .  B ADDR   0088H.4 A   


REGISTER BANK(S) USED: 0 


ASSEMBLY COMPLETE.  0 WARNING(S), 0 ERROR(S)
