A51 MACRO ASSEMBLER  ZAD1                                                                 05/13/2019 18:57:26 PAGE     1


MACRO ASSEMBLER A51 V8.2.7.0
OBJECT MODULE PLACED IN .\Objects\zad1.obj
ASSEMBLER INVOKED BY: D:\Programs\Keil uVision\C51\BIN\A51.EXE zad1.a51 SET(SMALL) DEBUG PRINT(.\Listings\zad1.lst) OBJE
                      CT(.\Objects\zad1.obj) EP

LOC  OBJ            LINE     SOURCE

  03E8                 1     Stala EQU 1000
  0020                 2     DanaL DATA 20h
  0021                 3     DanaH DATA 21h
  0030                 4     WynikL DATA 30h
  0031                 5     WynikH DATA 31h
----                   6     CSEG AT 0
0000 2100              7     JMP start
----                   8     CSEG AT 100h
0100                   9      start:
0100 7520FF           10      MOV DanaL, #255
0103 7521FF           11      MOV DanaH, #255
0106 E520             12      MOV A,DanaL
0108 94E8             13      SUBB A,#low(Stala)
010A F530             14      MOV WynikL,A
010C E521             15      MOV A,DanaH
010E 9403             16      SUBB A,#high(Stala)
0110 F531             17      MOV WynikH,A
                      18     END 
A51 MACRO ASSEMBLER  ZAD1                                                                 05/13/2019 18:57:26 PAGE     2

SYMBOL TABLE LISTING
------ ----- -------


N A M E             T Y P E  V A L U E   ATTRIBUTES

DANAH. . . . . . .  D ADDR   0021H   A   
DANAL. . . . . . .  D ADDR   0020H   A   
STALA. . . . . . .  N NUMB   03E8H   A   
START. . . . . . .  C ADDR   0100H   A   
WYNIKH . . . . . .  D ADDR   0031H   A   
WYNIKL . . . . . .  D ADDR   0030H   A   


REGISTER BANK(S) USED: 0 


ASSEMBLY COMPLETE.  0 WARNING(S), 0 ERROR(S)
